\BOOKMARK [1][]{section.1}{Definition}{}% 1
\BOOKMARK [2][]{subsection.1.1}{Project Overview}{section.1}% 2
\BOOKMARK [2][]{subsection.1.2}{Problem Statement}{section.1}% 3
\BOOKMARK [2][]{subsection.1.3}{Metrics}{section.1}% 4
\BOOKMARK [1][]{section.2}{Analysis}{}% 5
\BOOKMARK [2][]{subsection.2.1}{Coaster Racer Environment}{section.2}% 6
\BOOKMARK [2][]{subsection.2.2}{Algorithms and Techniques}{section.2}% 7
\BOOKMARK [3][]{subsubsection.2.2.1}{Markov Decision Process}{subsection.2.2}% 8
\BOOKMARK [3][]{subsubsection.2.2.2}{Environment}{subsection.2.2}% 9
\BOOKMARK [3][]{subsubsection.2.2.3}{Policy}{subsection.2.2}% 10
\BOOKMARK [3][]{subsubsection.2.2.4}{Value Functions}{subsection.2.2}% 11
\BOOKMARK [3][]{subsubsection.2.2.5}{Q-learning}{subsection.2.2}% 12
\BOOKMARK [3][]{subsubsection.2.2.6}{Approximate Q-learning}{subsection.2.2}% 13
\BOOKMARK [3][]{subsubsection.2.2.7}{Experience Replay}{subsection.2.2}% 14
\BOOKMARK [3][]{subsubsection.2.2.8}{Convolutional Neural Networks}{subsection.2.2}% 15
\BOOKMARK [2][]{subsection.2.3}{Benchmark}{section.2}% 16
\BOOKMARK [1][]{section.3}{Methodology}{}% 17
\BOOKMARK [2][]{subsection.3.1}{Data Preprocessing}{section.3}% 18
\BOOKMARK [2][]{subsection.3.2}{Implementation}{section.3}% 19
\BOOKMARK [1][]{section.4}{Results}{}% 20
\BOOKMARK [2][]{subsection.4.1}{Model Evaluation and Validation}{section.4}% 21
\BOOKMARK [2][]{subsection.4.2}{Justification}{section.4}% 22
\BOOKMARK [1][]{section.5}{Conclusion}{}% 23
\BOOKMARK [2][]{subsection.5.1}{Reflection}{section.5}% 24
\BOOKMARK [2][]{subsection.5.2}{Improvement}{section.5}% 25
